Using pre-set license
Built from '2021.1/release' branch; Version is '2021.1.1f1 (6fdc41dfa55a) revision 7330881'; Using compiler version '192528614'; Build Type 'Release'
OS: 'Windows 10 Home; OS build 19041.985; Version 2004; 64bit' Language: 'de' Physical Memory: 16294 MB
BatchMode: 1, IsHumanControllingUs: 0, StartBugReporterOnCrash: 0, Is64bit: 1, IsPro: 0

 COMMAND LINE ARGUMENTS:
C:\Program Files\Unity\Hub\Editor\2021.1.1f1\Editor\Unity.exe
-adb2
-batchMode
-noUpm
-name
AssetImportWorker0
-projectPath
C:/Users/loris/OneDrive/Dokumente/Uni/Semester 4/Software Engineering Project/Esch2022/Esch2022Project
-logFile
Logs/AssetImportWorker0.log
-srvPort
56470
Successfully changed project path to: C:/Users/loris/OneDrive/Dokumente/Uni/Semester 4/Software Engineering Project/Esch2022/Esch2022Project
C:/Users/loris/OneDrive/Dokumente/Uni/Semester 4/Software Engineering Project/Esch2022/Esch2022Project
Using Asset Import Pipeline V2.
Refreshing native plugins compatible for Editor in 89.86 ms, found 2 plugins.
Preloading 0 native plugins for Editor in 0.00 ms.
Initialize engine version: 2021.1.1f1 (6fdc41dfa55a)
[Subsystems] Discovering subsystems at path C:/Program Files/Unity/Hub/Editor/2021.1.1f1/Editor/Data/Resources/UnitySubsystems
[Subsystems] Discovering subsystems at path C:/Users/loris/OneDrive/Dokumente/Uni/Semester 4/Software Engineering Project/Esch2022/Esch2022Project/Assets
GfxDevice: creating device client; threaded=0; jobified=0
Direct3D:
    Version:  Direct3D 11.0 [level 11.1]
    Renderer: NVIDIA GeForce RTX 3070 (ID=0x2484)
    Vendor:   NVIDIA
    VRAM:     8043 MB
    Driver:   27.21.14.6230
Initialize mono
Mono path[0] = 'C:/Program Files/Unity/Hub/Editor/2021.1.1f1/Editor/Data/Managed'
Mono path[1] = 'C:/Program Files/Unity/Hub/Editor/2021.1.1f1/Editor/Data/MonoBleedingEdge/lib/mono/unityjit'
Mono config path = 'C:/Program Files/Unity/Hub/Editor/2021.1.1f1/Editor/Data/MonoBleedingEdge/etc'
Using monoOptions --debugger-agent=transport=dt_socket,embedding=1,server=y,suspend=n,address=127.0.0.1:56004
Begin MonoManager ReloadAssembly
Registering precompiled unity dll's ...
Register platform support module: C:/Program Files/Unity/Hub/Editor/2021.1.1f1/Editor/Data/PlaybackEngines/WindowsStandaloneSupport/UnityEditor.WindowsStandalone.Extensions.dll
Registered in 0.001667 seconds.
Native extension for WindowsStandalone target not found
Refreshing native plugins compatible for Editor in 86.61 ms, found 2 plugins.
Preloading 0 native plugins for Editor in 0.00 ms.
Mono: successfully reloaded assembly
- Completed reload, in  1.592 seconds
Platform modules already initialized, skipping
Registering precompiled user dll's ...
Registered in 0.004934 seconds.
Begin MonoManager ReloadAssembly
Native extension for WindowsStandalone target not found
Refreshing native plugins compatible for Editor in 0.81 ms, found 2 plugins.
Preloading 0 native plugins for Editor in 0.00 ms.
Mono: successfully reloaded assembly
- Completed reload, in  0.963 seconds
Platform modules already initialized, skipping
========================================================================
Worker process is ready to serve import requests
Launched and connected shader compiler UnityShaderCompiler.exe after 0.05 seconds
Refreshing native plugins compatible for Editor in 0.85 ms, found 2 plugins.
Preloading 0 native plugins for Editor in 0.00 ms.
Unloading 3709 Unused Serialized files (Serialized files now loaded: 0)
System memory in use before: 137.4 MB.
System memory in use after: 137.6 MB.

Unloading 56 unused Assets to reduce memory usage. Loaded Objects now: 4140.
Total: 5.017100 ms (FindLiveObjects: 0.275300 ms CreateObjectMapping: 0.195600 ms MarkObjects: 4.484500 ms  DeleteObjects: 0.060500 ms)

========================================================================
Received Import Request.
  path: Assets/Scripts/RandomizeList.cs
  artifactKey: Guid(4884c802c155b4241ba5652762bd3e31) Importer(815301076,1909f56bfc062723c751e8b465ee728b)
Start importing Assets/Scripts/RandomizeList.cs using Guid(4884c802c155b4241ba5652762bd3e31) Importer(815301076,1909f56bfc062723c751e8b465ee728b)  -> (artifact id: '0f84b645819b58d1bd697629e1bc1503') in 0.034712 seconds 
========================================================================
Received Import Request.
  Time since last request: 391.982692 seconds.
  path: Assets/Scripts/TestMap.cs
  artifactKey: Guid(b3e2a6775b8d0404997817bbe616d39c) Importer(815301076,1909f56bfc062723c751e8b465ee728b)
Start importing Assets/Scripts/TestMap.cs using Guid(b3e2a6775b8d0404997817bbe616d39c) Importer(815301076,1909f56bfc062723c751e8b465ee728b)  -> (artifact id: '5618aa63750d4b8e936964693b77e9ff') in 0.008196 seconds 
========================================================================
Received Prepare
Registering precompiled user dll's ...
Registered in 0.005093 seconds.
Begin MonoManager ReloadAssembly
Native extension for WindowsStandalone target not found
Refreshing native plugins compatible for Editor in 0.75 ms, found 2 plugins.
Preloading 0 native plugins for Editor in 0.00 ms.
Mono: successfully reloaded assembly
- Completed reload, in  0.908 seconds
Platform modules already initialized, skipping
Refreshing native plugins compatible for Editor in 1.08 ms, found 2 plugins.
Preloading 0 native plugins for Editor in 0.00 ms.
Unloading 3699 Unused Serialized files (Serialized files now loaded: 0)
System memory in use before: 136.9 MB.
System memory in use after: 137.2 MB.

Unloading 45 unused Assets to reduce memory usage. Loaded Objects now: 4143.
Total: 4.569700 ms (FindLiveObjects: 0.286000 ms CreateObjectMapping: 0.173100 ms MarkObjects: 4.091500 ms  DeleteObjects: 0.018300 ms)

AssetImportWorkerClient::OnTransportError - code=2 error=End of file
